app/build/intermediates/manifest_merge_blame_file/release/processReleaseMainManifest/manifest-merger-blame-release-report.txt
1<?xml version="1.0" encoding="utf-8"?>
2<!--
3    Copyright 2019 Google Inc. All Rights Reserved.
4
5     Licensed under the Apache License, Version 2.0 (the "License");
6     you may not use this file except in compliance with the License.
7     You may obtain a copy of the License at
8
9         http://www.apache.org/licenses/LICENSE-2.0
10
11     Unless required by applicable law or agreed to in writing, software
12     distributed under the License is distributed on an "AS IS" BASIS,
13     WITHOUT WARRANTIES OR CONDITIONS OF ANY KIND, either express or implied.
14     See the License for the specific language governing permissions and
15     limitations under the License.
16-->
17<!--
18 The "package" attribute is rewritten by the Gradle build with the value of applicationId.
19     It is still required here, as it is used to derive paths, for instance when referring
20     to an Activity by ".MyActivity" instead of the full name. If more Activities are added to the
21     application, the package attribute will need to reflect the correct path in order to use
22     the abbreviated format.
23-->
24<manifest xmlns:android="http://schemas.android.com/apk/res/android"
25    package="in.mobilitygrid.owner"
26    android:versionCode="3"
27    android:versionName="3" >
28
29    <uses-sdk
30        android:minSdkVersion="21"
31        android:targetSdkVersion="35" />
32
33    <uses-permission android:name="android.permission.POST_NOTIFICATIONS" />
33-->src\main\AndroidManifest.xml:26:9-80
33-->src\main\AndroidManifest.xml:26:26-78
34    <uses-permission android:name="android.permission.ACCESS_FINE_LOCATION" />
34-->[com.google.androidbrowserhelper:locationdelegation:1.1.2] AndroidManifest.xml:7:5-79
34-->[com.google.androidbrowserhelper:locationdelegation:1.1.2] AndroidManifest.xml:7:22-76
35    <uses-permission android:name="android.permission.ACCESS_COARSE_LOCATION" />
35-->[com.google.androidbrowserhelper:locationdelegation:1.1.2] AndroidManifest.xml:8:5-81
35-->[com.google.androidbrowserhelper:locationdelegation:1.1.2] AndroidManifest.xml:8:22-78
36
37    <queries>
37-->[com.google.androidbrowserhelper:androidbrowserhelper:2.6.2] AndroidManifest.xml:22:5-30:15
38        <intent>
38-->[com.google.androidbrowserhelper:androidbrowserhelper:2.6.2] AndroidManifest.xml:23:9-29:18
39            <action android:name="android.intent.action.VIEW" />
39-->src\main\AndroidManifest.xml:170:17-68
39-->src\main\AndroidManifest.xml:170:25-66
40
41            <category android:name="android.intent.category.BROWSABLE" />
41-->src\main\AndroidManifest.xml:172:17-77
41-->src\main\AndroidManifest.xml:172:27-75
42
43            <data android:scheme="https" />
43-->src\main\AndroidManifest.xml:159:25-63
43-->src\main\AndroidManifest.xml:173:23-45
44        </intent>
45    </queries>
46
47    <permission
47-->[androidx.core:core:1.13.0] AndroidManifest.xml:22:5-24:47
48        android:name="in.mobilitygrid.owner.DYNAMIC_RECEIVER_NOT_EXPORTED_PERMISSION"
48-->[androidx.core:core:1.13.0] AndroidManifest.xml:23:9-81
49        android:protectionLevel="signature" />
49-->[androidx.core:core:1.13.0] AndroidManifest.xml:24:9-44
50
51    <uses-permission android:name="in.mobilitygrid.owner.DYNAMIC_RECEIVER_NOT_EXPORTED_PERMISSION" />
51-->[androidx.core:core:1.13.0] AndroidManifest.xml:26:5-97
51-->[androidx.core:core:1.13.0] AndroidManifest.xml:26:22-94
52
53    <application
53-->src\main\AndroidManifest.xml:35:5-251:19
54        android:name="in.mobilitygrid.owner.Application"
54-->src\main\AndroidManifest.xml:36:9-35
55        android:allowBackup="true"
55-->src\main\AndroidManifest.xml:37:9-35
56        android:appComponentFactory="androidx.core.app.CoreComponentFactory"
56-->[androidx.core:core:1.13.0] AndroidManifest.xml:28:18-86
57        android:extractNativeLibs="true"
58        android:icon="@mipmap/ic_launcher"
58-->src\main\AndroidManifest.xml:38:9-43
59        android:label="@string/appName"
59-->src\main\AndroidManifest.xml:39:9-40
60        android:manageSpaceActivity="com.google.androidbrowserhelper.trusted.ManageDataLauncherActivity"
60-->src\main\AndroidManifest.xml:41:9-105
61        android:supportsRtl="true"
61-->src\main\AndroidManifest.xml:43:9-35
62        android:theme="@android:style/Theme.Translucent.NoTitleBar" >
62-->src\main\AndroidManifest.xml:44:9-68
63        <meta-data
63-->src\main\AndroidManifest.xml:46:9-48:58
64            android:name="asset_statements"
64-->src\main\AndroidManifest.xml:47:13-44
65            android:resource="@string/assetStatements" />
65-->src\main\AndroidManifest.xml:48:13-55
66        <meta-data
66-->src\main\AndroidManifest.xml:51:13-53:58
67            android:name="web_manifest_url"
67-->src\main\AndroidManifest.xml:52:17-48
68            android:value="@string/webManifestUrl" />
68-->src\main\AndroidManifest.xml:53:17-55
69        <meta-data
69-->src\main\AndroidManifest.xml:56:9-58:52
70            android:name="twa_generator"
70-->src\main\AndroidManifest.xml:57:13-41
71            android:value="@string/generatorApp" />
71-->src\main\AndroidManifest.xml:58:13-49
72
73        <activity
73-->src\main\AndroidManifest.xml:65:13-76:24
74            android:name="com.google.androidbrowserhelper.trusted.ManageDataLauncherActivity"
74-->src\main\AndroidManifest.xml:65:23-104
75            android:enabled="true"
75-->src\main\AndroidManifest.xml:67:17-39
76            android:excludeFromRecents="true"
76-->src\main\AndroidManifest.xml:68:17-50
77            android:exported="false" >
77-->src\main\AndroidManifest.xml:66:17-41
78            <meta-data
78-->src\main\AndroidManifest.xml:69:17-71:57
79                android:name="android.support.customtabs.trusted.MANAGE_SPACE_URL"
79-->src\main\AndroidManifest.xml:70:21-87
80                android:value="@string/launchUrl" />
80-->src\main\AndroidManifest.xml:71:21-54
81
82            <intent-filter>
82-->src\main\AndroidManifest.xml:72:17-75:33
83                <action android:name="android.intent.action.APPLICATION_PREFERENCES" />
83-->src\main\AndroidManifest.xml:73:21-92
83-->src\main\AndroidManifest.xml:73:29-89
84
85                <category android:name="android.intent.category.DEFAULT" />
85-->src\main\AndroidManifest.xml:74:21-80
85-->src\main\AndroidManifest.xml:74:31-77
86            </intent-filter>
87        </activity>
88        <activity
88-->src\main\AndroidManifest.xml:79:9-189:20
89            android:name="in.mobilitygrid.owner.LauncherActivity"
89-->src\main\AndroidManifest.xml:79:19-50
90            android:alwaysRetainTaskState="true"
90-->src\main\AndroidManifest.xml:80:13-49
91            android:exported="true"
91-->src\main\AndroidManifest.xml:82:13-36
92            android:label="@string/launcherName" >
92-->src\main\AndroidManifest.xml:81:13-49
93            <meta-data
93-->src\main\AndroidManifest.xml:83:13-84:53
94                android:name="android.support.customtabs.trusted.DEFAULT_URL"
94-->src\main\AndroidManifest.xml:83:24-85
95                android:value="@string/launchUrl" />
95-->src\main\AndroidManifest.xml:84:17-50
96            <meta-data
96-->src\main\AndroidManifest.xml:86:13-88:58
97                android:name="android.support.customtabs.trusted.STATUS_BAR_COLOR"
97-->src\main\AndroidManifest.xml:87:17-83
98                android:resource="@color/colorPrimary" />
98-->src\main\AndroidManifest.xml:88:17-55
99            <meta-data
99-->src\main\AndroidManifest.xml:91:17-93:71
100                android:name="android.support.customtabs.trusted.LAUNCH_HANDLER_CLIENT_MODE"
100-->src\main\AndroidManifest.xml:92:21-97
101                android:value="@string/launchHandlerClientMode" />
101-->src\main\AndroidManifest.xml:93:21-68
102            <meta-data
102-->src\main\AndroidManifest.xml:96:13-98:62
103                android:name="android.support.customtabs.trusted.STATUS_BAR_COLOR_DARK"
103-->src\main\AndroidManifest.xml:97:17-88
104                android:resource="@color/colorPrimaryDark" />
104-->src\main\AndroidManifest.xml:98:17-59
105            <meta-data
105-->src\main\AndroidManifest.xml:100:13-102:61
106                android:name="android.support.customtabs.trusted.NAVIGATION_BAR_COLOR"
106-->src\main\AndroidManifest.xml:101:17-87
107                android:resource="@color/navigationColor" />
107-->src\main\AndroidManifest.xml:102:17-58
108            <meta-data
108-->src\main\AndroidManifest.xml:104:13-106:65
109                android:name="android.support.customtabs.trusted.NAVIGATION_BAR_COLOR_DARK"
109-->src\main\AndroidManifest.xml:105:17-92
110                android:resource="@color/navigationColorDark" />
110-->src\main\AndroidManifest.xml:106:17-62
111            <meta-data
111-->src\main\AndroidManifest.xml:108:13-110:68
112                android:name="androix.browser.trusted.NAVIGATION_BAR_DIVIDER_COLOR"
112-->src\main\AndroidManifest.xml:109:17-84
113                android:resource="@color/navigationDividerColor" />
113-->src\main\AndroidManifest.xml:110:17-65
114            <meta-data
114-->src\main\AndroidManifest.xml:112:13-114:72
115                android:name="androix.browser.trusted.NAVIGATION_BAR_DIVIDER_COLOR_DARK"
115-->src\main\AndroidManifest.xml:113:17-89
116                android:resource="@color/navigationDividerColorDark" />
116-->src\main\AndroidManifest.xml:114:17-69
117            <meta-data
117-->src\main\AndroidManifest.xml:116:13-117:54
118                android:name="android.support.customtabs.trusted.SPLASH_IMAGE_DRAWABLE"
118-->src\main\AndroidManifest.xml:116:24-95
119                android:resource="@drawable/splash" />
119-->src\main\AndroidManifest.xml:117:17-52
120            <meta-data
120-->src\main\AndroidManifest.xml:119:13-120:60
121                android:name="android.support.customtabs.trusted.SPLASH_SCREEN_BACKGROUND_COLOR"
121-->src\main\AndroidManifest.xml:119:24-104
122                android:resource="@color/backgroundColor" />
122-->src\main\AndroidManifest.xml:120:17-58
123            <meta-data
123-->src\main\AndroidManifest.xml:122:13-123:71
124                android:name="android.support.customtabs.trusted.SPLASH_SCREEN_FADE_OUT_DURATION"
124-->src\main\AndroidManifest.xml:122:24-105
125                android:value="@integer/splashScreenFadeOutDuration" />
125-->src\main\AndroidManifest.xml:123:17-69
126            <meta-data
126-->src\main\AndroidManifest.xml:125:13-126:60
127                android:name="android.support.customtabs.trusted.FILE_PROVIDER_AUTHORITY"
127-->src\main\AndroidManifest.xml:125:24-97
128                android:value="@string/providerAuthority" />
128-->src\main\AndroidManifest.xml:126:17-58
129            <meta-data
129-->src\main\AndroidManifest.xml:128:13-97
130                android:name="android.app.shortcuts"
130-->src\main\AndroidManifest.xml:128:24-60
131                android:resource="@xml/shortcuts" />
131-->src\main\AndroidManifest.xml:128:61-94
132            <meta-data
132-->src\main\AndroidManifest.xml:130:13-131:56
133                android:name="android.support.customtabs.trusted.FALLBACK_STRATEGY"
133-->src\main\AndroidManifest.xml:130:24-91
134                android:value="@string/fallbackType" />
134-->src\main\AndroidManifest.xml:131:17-53
135            <meta-data
135-->src\main\AndroidManifest.xml:134:17-136:61
136                android:name="android.support.customtabs.trusted.METADATA_SHARE_TARGET"
136-->src\main\AndroidManifest.xml:135:21-92
137                android:resource="@string/shareTarget" />
137-->src\main\AndroidManifest.xml:136:21-59
138            <meta-data
138-->src\main\AndroidManifest.xml:141:13-142:54
139                android:name="android.support.customtabs.trusted.SCREEN_ORIENTATION"
139-->src\main\AndroidManifest.xml:141:24-92
140                android:value="@string/orientation" />
140-->src\main\AndroidManifest.xml:142:17-52
141            <meta-data
141-->src\main\AndroidManifest.xml:147:17-149:66
142                android:name="android.support.customtabs.trusted.DISPLAY_OVERRIDE"
142-->src\main\AndroidManifest.xml:148:21-87
143                android:resource="@array/display_override" />
143-->src\main\AndroidManifest.xml:149:21-63
144
145            <intent-filter>
145-->src\main\AndroidManifest.xml:153:17-161:33
146                <action android:name="android.intent.action.SEND" />
146-->src\main\AndroidManifest.xml:155:25-77
146-->src\main\AndroidManifest.xml:155:33-74
147
148                <category android:name="android.intent.category.DEFAULT" />
148-->src\main\AndroidManifest.xml:74:21-80
148-->src\main\AndroidManifest.xml:74:31-77
149
150                <data android:mimeType="text/plain" />
150-->src\main\AndroidManifest.xml:159:25-63
150-->src\main\AndroidManifest.xml:159:31-60
151            </intent-filter>
152            <intent-filter>
152-->src\main\AndroidManifest.xml:164:13-167:29
153                <action android:name="android.intent.action.MAIN" />
153-->src\main\AndroidManifest.xml:165:17-69
153-->src\main\AndroidManifest.xml:165:25-66
154
155                <category android:name="android.intent.category.LAUNCHER" />
155-->src\main\AndroidManifest.xml:166:17-77
155-->src\main\AndroidManifest.xml:166:27-74
156            </intent-filter>
157            <intent-filter android:autoVerify="true" >
157-->src\main\AndroidManifest.xml:169:13-177:29
157-->src\main\AndroidManifest.xml:169:28-53
158                <action android:name="android.intent.action.VIEW" />
158-->src\main\AndroidManifest.xml:170:17-68
158-->src\main\AndroidManifest.xml:170:25-66
159
160                <category android:name="android.intent.category.DEFAULT" />
160-->src\main\AndroidManifest.xml:74:21-80
160-->src\main\AndroidManifest.xml:74:31-77
161                <category android:name="android.intent.category.BROWSABLE" />
161-->src\main\AndroidManifest.xml:172:17-77
161-->src\main\AndroidManifest.xml:172:27-75
162
163                <data
163-->src\main\AndroidManifest.xml:159:25-63
164                    android:host="@string/hostName"
164-->src\main\AndroidManifest.xml:174:21-52
165                    android:scheme="https" />
165-->src\main\AndroidManifest.xml:173:23-45
166            </intent-filter>
167            <intent-filter>
167-->src\main\AndroidManifest.xml:182:17-187:27
168                <action android:name="android.intent.action.VIEW" />
168-->src\main\AndroidManifest.xml:170:17-68
168-->src\main\AndroidManifest.xml:170:25-66
169
170                <category android:name="android.intent.category.DEFAULT" />
170-->src\main\AndroidManifest.xml:74:21-80
170-->src\main\AndroidManifest.xml:74:31-77
171                <category android:name="android.intent.category.BROWSABLE" />
171-->src\main\AndroidManifest.xml:172:17-77
171-->src\main\AndroidManifest.xml:172:27-75
172
173                <data android:scheme="web+mgdriver" />
173-->src\main\AndroidManifest.xml:159:25-63
173-->src\main\AndroidManifest.xml:173:23-45
174            </intent-filter>
175        </activity>
176
177        <activity-alias
177-->src\main\AndroidManifest.xml:232:5-248:22
178            android:name="in.mobilitygrid.owner.FileHandlingActivity0"
178-->src\main\AndroidManifest.xml:233:9-45
179            android:exported="true"
179-->src\main\AndroidManifest.xml:235:9-32
180            android:targetActivity="in.mobilitygrid.owner.LauncherActivity" >
180-->src\main\AndroidManifest.xml:234:9-50
181            <meta-data
181-->src\main\AndroidManifest.xml:236:9-237:62
182                android:name="android.support.customtabs.trusted.FILE_HANDLING_ACTION_URL"
182-->src\main\AndroidManifest.xml:236:20-94
183                android:value="@string/fileHandlingActionUrl0" />
183-->src\main\AndroidManifest.xml:237:13-59
184
185            <intent-filter>
185-->src\main\AndroidManifest.xml:238:9-247:25
186                <action android:name="android.intent.action.VIEW" />
186-->src\main\AndroidManifest.xml:170:17-68
186-->src\main\AndroidManifest.xml:170:25-66
187
188                <category android:name="android.intent.category.DEFAULT" />
188-->src\main\AndroidManifest.xml:74:21-80
188-->src\main\AndroidManifest.xml:74:31-77
189                <category android:name="android.intent.category.BROWSABLE" />
189-->src\main\AndroidManifest.xml:172:17-77
189-->src\main\AndroidManifest.xml:172:27-75
190
191                <data android:scheme="content" />
191-->src\main\AndroidManifest.xml:159:25-63
191-->src\main\AndroidManifest.xml:173:23-45
192                <data android:mimeType="image/jpeg" />
192-->src\main\AndroidManifest.xml:159:25-63
192-->src\main\AndroidManifest.xml:159:31-60
193                <data android:mimeType="image/png" />
193-->src\main\AndroidManifest.xml:159:25-63
193-->src\main\AndroidManifest.xml:159:31-60
194                <data android:mimeType="application/pdf" />
194-->src\main\AndroidManifest.xml:159:25-63
194-->src\main\AndroidManifest.xml:159:31-60
195            </intent-filter>
196        </activity-alias>
197
198        <activity android:name="com.google.androidbrowserhelper.trusted.FocusActivity" />
198-->src\main\AndroidManifest.xml:191:9-90
198-->src\main\AndroidManifest.xml:191:19-87
199        <activity
199-->src\main\AndroidManifest.xml:193:9-194:62
200            android:name="com.google.androidbrowserhelper.trusted.WebViewFallbackActivity"
200-->src\main\AndroidManifest.xml:193:19-97
201            android:configChanges="orientation|screenSize" />
201-->src\main\AndroidManifest.xml:194:13-59
202
203        <provider
203-->src\main\AndroidManifest.xml:196:9-204:20
204            android:name="androidx.core.content.FileProvider"
204-->src\main\AndroidManifest.xml:197:13-62
205            android:authorities="@string/providerAuthority"
205-->src\main\AndroidManifest.xml:198:13-60
206            android:exported="false"
206-->src\main\AndroidManifest.xml:200:13-37
207            android:grantUriPermissions="true" >
207-->src\main\AndroidManifest.xml:199:13-47
208            <meta-data
208-->src\main\AndroidManifest.xml:201:13-203:53
209                android:name="android.support.FILE_PROVIDER_PATHS"
209-->src\main\AndroidManifest.xml:202:17-67
210                android:resource="@xml/filepaths" />
210-->src\main\AndroidManifest.xml:203:17-50
211        </provider>
212
213        <service
213-->src\main\AndroidManifest.xml:206:9-221:19
214            android:name="in.mobilitygrid.owner.DelegationService"
214-->src\main\AndroidManifest.xml:207:13-46
215            android:enabled="@bool/enableNotification"
215-->src\main\AndroidManifest.xml:208:13-55
216            android:exported="@bool/enableNotification" >
216-->src\main\AndroidManifest.xml:209:13-56
217            <meta-data
217-->src\main\AndroidManifest.xml:212:17-214:73
218                android:name="android.support.customtabs.trusted.SMALL_ICON"
218-->src\main\AndroidManifest.xml:213:21-81
219                android:resource="@drawable/ic_notification_icon" />
219-->src\main\AndroidManifest.xml:214:21-70
220
221            <intent-filter>
221-->src\main\AndroidManifest.xml:217:13-220:29
222                <action android:name="android.support.customtabs.trusted.TRUSTED_WEB_ACTIVITY_SERVICE" />
222-->src\main\AndroidManifest.xml:218:17-105
222-->src\main\AndroidManifest.xml:218:25-103
223
224                <category android:name="android.intent.category.DEFAULT" />
224-->src\main\AndroidManifest.xml:74:21-80
224-->src\main\AndroidManifest.xml:74:31-77
225            </intent-filter>
226        </service>
227
228        <activity android:name="com.google.androidbrowserhelper.trusted.NotificationPermissionRequestActivity" />
228-->src\main\AndroidManifest.xml:224:13-118
228-->src\main\AndroidManifest.xml:224:23-115
229        <activity android:name="com.google.androidbrowserhelper.locationdelegation.PermissionRequestActivity" />
229-->src\main\AndroidManifest.xml:228:13-229:89
229-->src\main\AndroidManifest.xml:228:23-123
230        <activity
230-->[com.google.android.gms:play-services-base:18.1.0] AndroidManifest.xml:20:9-22:45
231            android:name="com.google.android.gms.common.api.GoogleApiActivity"
231-->[com.google.android.gms:play-services-base:18.1.0] AndroidManifest.xml:20:19-85
232            android:exported="false"
232-->[com.google.android.gms:play-services-base:18.1.0] AndroidManifest.xml:22:19-43
233            android:theme="@android:style/Theme.Translucent.NoTitleBar" />
233-->[com.google.android.gms:play-services-base:18.1.0] AndroidManifest.xml:21:19-78
234
235        <meta-data
235-->[com.google.android.gms:play-services-basement:18.1.0] AndroidManifest.xml:21:9-23:69
236            android:name="com.google.android.gms.version"
236-->[com.google.android.gms:play-services-basement:18.1.0] AndroidManifest.xml:22:13-58
237            android:value="@integer/google_play_services_version" />
237-->[com.google.android.gms:play-services-basement:18.1.0] AndroidManifest.xml:23:13-66
238
239        <provider
239-->[androidx.emoji2:emoji2:1.3.0] AndroidManifest.xml:24:9-32:20
240            android:name="androidx.startup.InitializationProvider"
240-->[androidx.emoji2:emoji2:1.3.0] AndroidManifest.xml:25:13-67
241            android:authorities="in.mobilitygrid.owner.androidx-startup"
241-->[androidx.emoji2:emoji2:1.3.0] AndroidManifest.xml:26:13-68
242            android:exported="false" >
242-->[androidx.emoji2:emoji2:1.3.0] AndroidManifest.xml:27:13-37
243            <meta-data
243-->[androidx.emoji2:emoji2:1.3.0] AndroidManifest.xml:29:13-31:52
244                android:name="androidx.emoji2.text.EmojiCompatInitializer"
244-->[androidx.emoji2:emoji2:1.3.0] AndroidManifest.xml:30:17-75
245                android:value="androidx.startup" />
245-->[androidx.emoji2:emoji2:1.3.0] AndroidManifest.xml:31:17-49
246            <meta-data
246-->[androidx.lifecycle:lifecycle-process:2.6.2] AndroidManifest.xml:29:13-31:52
247                android:name="androidx.lifecycle.ProcessLifecycleInitializer"
247-->[androidx.lifecycle:lifecycle-process:2.6.2] AndroidManifest.xml:30:17-78
248                android:value="androidx.startup" />
248-->[androidx.lifecycle:lifecycle-process:2.6.2] AndroidManifest.xml:31:17-49
249            <meta-data
249-->[androidx.profileinstaller:profileinstaller:1.3.1] AndroidManifest.xml:29:13-31:52
250                android:name="androidx.profileinstaller.ProfileInstallerInitializer"
250-->[androidx.profileinstaller:profileinstaller:1.3.1] AndroidManifest.xml:30:17-85
251                android:value="androidx.startup" />
251-->[androidx.profileinstaller:profileinstaller:1.3.1] AndroidManifest.xml:31:17-49
252        </provider>
253
254        <receiver
254-->[androidx.profileinstaller:profileinstaller:1.3.1] AndroidManifest.xml:34:9-52:20
255            android:name="androidx.profileinstaller.ProfileInstallReceiver"
255-->[androidx.profileinstaller:profileinstaller:1.3.1] AndroidManifest.xml:35:13-76
256            android:directBootAware="false"
256-->[androidx.profileinstaller:profileinstaller:1.3.1] AndroidManifest.xml:36:13-44
257            android:enabled="true"
257-->[androidx.profileinstaller:profileinstaller:1.3.1] AndroidManifest.xml:37:13-35
258            android:exported="true"
258-->[androidx.profileinstaller:profileinstaller:1.3.1] AndroidManifest.xml:38:13-36
259            android:permission="android.permission.DUMP" >
259-->[androidx.profileinstaller:profileinstaller:1.3.1] AndroidManifest.xml:39:13-57
260            <intent-filter>
260-->[androidx.profileinstaller:profileinstaller:1.3.1] AndroidManifest.xml:40:13-42:29
261                <action android:name="androidx.profileinstaller.action.INSTALL_PROFILE" />
261-->[androidx.profileinstaller:profileinstaller:1.3.1] AndroidManifest.xml:41:17-91
261-->[androidx.profileinstaller:profileinstaller:1.3.1] AndroidManifest.xml:41:25-88
262            </intent-filter>
263            <intent-filter>
263-->[androidx.profileinstaller:profileinstaller:1.3.1] AndroidManifest.xml:43:13-45:29
264                <action android:name="androidx.profileinstaller.action.SKIP_FILE" />
264-->[androidx.profileinstaller:profileinstaller:1.3.1] AndroidManifest.xml:44:17-85
264-->[androidx.profileinstaller:profileinstaller:1.3.1] AndroidManifest.xml:44:25-82
265            </intent-filter>
266            <intent-filter>
266-->[androidx.profileinstaller:profileinstaller:1.3.1] AndroidManifest.xml:46:13-48:29
267                <action android:name="androidx.profileinstaller.action.SAVE_PROFILE" />
267-->[androidx.profileinstaller:profileinstaller:1.3.1] AndroidManifest.xml:47:17-88
267-->[androidx.profileinstaller:profileinstaller:1.3.1] AndroidManifest.xml:47:25-85
268            </intent-filter>
269            <intent-filter>
269-->[androidx.profileinstaller:profileinstaller:1.3.1] AndroidManifest.xml:49:13-51:29
270                <action android:name="androidx.profileinstaller.action.BENCHMARK_OPERATION" />
270-->[androidx.profileinstaller:profileinstaller:1.3.1] AndroidManifest.xml:50:17-95
270-->[androidx.profileinstaller:profileinstaller:1.3.1] AndroidManifest.xml:50:25-92
271            </intent-filter>
272        </receiver>
273    </application>
274
275</manifest>